[web/index.html]
[backblue.gif]
[fade.gif]
[index.html]
[web/images/zhongxue.css]
[web/images/jq.js]
[web/images/fun.js]
[web/images/layer.js]
[web/images/top.js]
[web/images/school.js]
[web/images/read.js]
[web/images/nologo.jpg]
[web/images/ry_zsy.js]
[web/images/bot_dt.js]
[web/index.html]
[web/images/bg.jpg]
[web/images/top_0.png]
[web/images/top.jpg]
[web/images/menu_m.jpg]
[web/images/bottom.jpg]
[web/images/zsbtbg.gif]
[web/images/li_d.gif]
[web/images/lanbt.jpg]
[web/images/lanbtl.jpg]
[web/images/jth.gif]
[web/images/zhongxue.css]
